W0326 02:44:00.711000 304739 torch/distributed/run.py:766] 
W0326 02:44:00.711000 304739 torch/distributed/run.py:766] *****************************************
W0326 02:44:00.711000 304739 torch/distributed/run.py:766] Setting OMP_NUM_THREADS environment variable for each process to be 1 in default, to avoid your system being overloaded, please further tune the variable for optimal performance in your application as needed. 
W0326 02:44:00.711000 304739 torch/distributed/run.py:766] *****************************************
logs/mtp1_seed1337.txt
val_bpb:enabled tokenizer_kind=sentencepiece tokenizer_path=./data/tokenizers/fineweb_1024_bpe.model
train_loader:dataset:fineweb10B_sp1024 train_shards:80
val_loader:shards pattern=./data/datasets/fineweb10B_sp1024/fineweb_val_*.bin tokens:62021632
model_params:27518044
mtp_num_heads:1 mtp_loss_weight:0.15 mtp_params:524288
XSA:last_11 active_layers:[0, 1, 2, 3, 4, 5, 6, 7, 8, 9, 10]
world_size:8 grad_accum_steps:1
sdp_backends:cudnn=False flash=True mem_efficient=False math=False
attention_mode:gqa num_heads:8 num_kv_heads:4
tie_embeddings:True embed_lr:0.035 head_lr:0.0 matrix_lr:0.025 scalar_lr:0.025
train_batch_tokens:786432 train_seq_len:2048 iterations:20000 warmup_steps:20 max_wallclock_seconds:600.000
seed:1337
warmup_step:1/20
warmup_step:2/20
warmup_step:3/20
warmup_step:4/20
warmup_step:5/20
warmup_step:6/20
warmup_step:7/20
warmup_step:8/20
warmup_step:9/20
warmup_step:10/20
warmup_step:11/20
warmup_step:12/20
warmup_step:13/20
warmup_step:14/20
warmup_step:15/20
warmup_step:16/20
warmup_step:17/20
warmup_step:18/20
warmup_step:19/20
warmup_step:20/20
step:0/20000 val_loss:6.9300 val_bpb:4.1044 train_time:0ms step_avg:0.01ms
step:1/20000 train_loss:7.9715 train_time:147ms step_avg:147.28ms
step:2/20000 train_loss:9.7551 train_time:177ms step_avg:88.38ms
step:3/20000 train_loss:8.3228 train_time:277ms step_avg:92.34ms
step:4/20000 train_loss:9.9734 train_time:378ms step_avg:94.48ms
step:5/20000 train_loss:10.4089 train_time:478ms step_avg:95.65ms
step:6/20000 train_loss:10.0352 train_time:579ms step_avg:96.58ms
step:7/20000 train_loss:9.4367 train_time:681ms step_avg:97.22ms
step:8/20000 train_loss:8.6719 train_time:781ms step_avg:97.68ms
step:9/20000 train_loss:8.1400 train_time:882ms step_avg:98.00ms
step:10/20000 train_loss:7.4564 train_time:983ms step_avg:98.28ms
step:500/20000 train_loss:3.4622 train_time:54462ms step_avg:108.92ms
step:1000/20000 train_loss:3.3106 train_time:105697ms step_avg:105.70ms
W0326 02:47:32.097000 304739 torch/distributed/elastic/agent/server/api.py:719] Received Signals.SIGTERM death signal, shutting down workers
W0326 02:47:32.098000 304739 torch/distributed/elastic/multiprocessing/api.py:900] Sending process 304812 closing signal SIGTERM
W0326 02:47:32.098000 304739 torch/distributed/elastic/multiprocessing/api.py:900] Sending process 304813 closing signal SIGTERM
W0326 02:47:32.101000 304739 torch/distributed/elastic/multiprocessing/api.py:900] Sending process 304814 closing signal SIGTERM
W0326 02:47:32.101000 304739 torch/distributed/elastic/multiprocessing/api.py:900] Sending process 304815 closing signal SIGTERM
W0326 02:47:32.104000 304739 torch/distributed/elastic/multiprocessing/api.py:900] Sending process 304816 closing signal SIGTERM
W0326 02:47:32.104000 304739 torch/distributed/elastic/multiprocessing/api.py:900] Sending process 304817 closing signal SIGTERM
W0326 02:47:32.108000 304739 torch/distributed/elastic/multiprocessing/api.py:900] Sending process 304818 closing signal SIGTERM
W0326 02:47:32.110000 304739 torch/distributed/elastic/multiprocessing/api.py:900] Sending process 304819 closing signal SIGTERM
Traceback (most recent call last):
  File "/usr/local/bin/torchrun", line 8, in <module>
    sys.exit(main())
  File "/usr/local/lib/python3.10/dist-packages/torch/distributed/elastic/multiprocessing/errors/__init__.py", line 355, in wrapper
    return f(*args, **kwargs)
  File "/usr/local/lib/python3.10/dist-packages/torch/distributed/run.py", line 892, in main
    run(args)
  File "/usr/local/lib/python3.10/dist-packages/torch/distributed/run.py", line 883, in run
    elastic_launch(
  File "/usr/local/lib/python3.10/dist-packages/torch/distributed/launcher/api.py", line 139, in __call__
    return launch_agent(self._config, self._entrypoint, list(args))
  File "/usr/local/lib/python3.10/dist-packages/torch/distributed/launcher/api.py", line 261, in launch_agent
    result = agent.run()
  File "/usr/local/lib/python3.10/dist-packages/torch/distributed/elastic/metrics/api.py", line 138, in wrapper
    result = f(*args, **kwargs)
  File "/usr/local/lib/python3.10/dist-packages/torch/distributed/elastic/agent/server/api.py", line 711, in run
    result = self._invoke_run(role)
  File "/usr/local/lib/python3.10/dist-packages/torch/distributed/elastic/agent/server/api.py", line 870, in _invoke_run
    time.sleep(monitor_interval)
  File "/usr/local/lib/python3.10/dist-packages/torch/distributed/elastic/multiprocessing/api.py", line 84, in _terminate_process_handler
    raise SignalException(f"Process {os.getpid()} got signal: {sigval}", sigval=sigval)
torch.distributed.elastic.multiprocessing.api.SignalException: Process 304739 got signal: 15
