W0326 03:19:20.017000 316346 torch/distributed/run.py:766] 
W0326 03:19:20.017000 316346 torch/distributed/run.py:766] *****************************************
W0326 03:19:20.017000 316346 torch/distributed/run.py:766] Setting OMP_NUM_THREADS environment variable for each process to be 1 in default, to avoid your system being overloaded, please further tune the variable for optimal performance in your application as needed. 
W0326 03:19:20.017000 316346 torch/distributed/run.py:766] *****************************************
logs/train_seed2025.txt
val_bpb:enabled tokenizer_kind=sentencepiece tokenizer_path=./data/tokenizers/fineweb_1024_bpe.model
train_loader:dataset:fineweb10B_sp1024 train_shards:80
val_loader:shards pattern=./data/datasets/fineweb10B_sp1024/fineweb_val_*.bin tokens:62021632
model_params:26993756
mtp_num_heads:0 mtp_loss_weight:0.2 mtp_params:0
XSA:last_11 active_layers:[0, 1, 2, 3, 4, 5, 6, 7, 8, 9, 10]
world_size:8 grad_accum_steps:1
sdp_backends:cudnn=False flash=True mem_efficient=False math=False
attention_mode:gqa num_heads:8 num_kv_heads:4
tie_embeddings:True embed_lr:0.035 head_lr:0.0 matrix_lr:0.025 scalar_lr:0.025
train_batch_tokens:786432 train_seq_len:2048 iterations:20000 warmup_steps:20 max_wallclock_seconds:600.000
seed:2025
warmup_step:1/20
warmup_step:2/20
warmup_step:3/20
warmup_step:4/20
warmup_step:5/20
warmup_step:6/20
warmup_step:7/20
warmup_step:8/20
warmup_step:9/20
warmup_step:10/20
warmup_step:11/20
warmup_step:12/20
warmup_step:13/20
warmup_step:14/20
warmup_step:15/20
warmup_step:16/20
warmup_step:17/20
warmup_step:18/20
warmup_step:19/20
warmup_step:20/20
step:0/20000 val_loss:6.9277 val_bpb:4.1030 train_time:0ms step_avg:0.01ms
step:1/20000 train_loss:6.9281 train_time:147ms step_avg:147.46ms
step:2/20000 train_loss:8.6199 train_time:174ms step_avg:87.25ms
step:3/20000 train_loss:7.6038 train_time:274ms step_avg:91.37ms
step:4/20000 train_loss:7.3279 train_time:374ms step_avg:93.48ms
step:5/20000 train_loss:7.1868 train_time:474ms step_avg:94.73ms
step:6/20000 train_loss:7.0845 train_time:574ms step_avg:95.68ms
step:7/20000 train_loss:6.8990 train_time:674ms step_avg:96.26ms
step:8/20000 train_loss:6.8122 train_time:774ms step_avg:96.76ms
step:9/20000 train_loss:6.4823 train_time:874ms step_avg:97.14ms
step:10/20000 train_loss:6.0441 train_time:975ms step_avg:97.45ms
step:500/20000 train_loss:2.3838 train_time:51315ms step_avg:102.63ms
step:1000/20000 train_loss:2.2608 train_time:102213ms step_avg:102.21ms
step:1500/20000 train_loss:2.2069 train_time:153168ms step_avg:102.11ms
step:2000/20000 train_loss:2.0554 train_time:204160ms step_avg:102.08ms
step:2500/20000 train_loss:2.1540 train_time:255195ms step_avg:102.08ms
step:3000/20000 train_loss:2.1342 train_time:306781ms step_avg:102.26ms
step:3500/20000 train_loss:2.1416 train_time:357867ms step_avg:102.25ms
step:4000/20000 train_loss:1.9290 train_time:408915ms step_avg:102.23ms
step:4000/20000 val_loss:2.0203 val_bpb:1.1965 train_time:408989ms step_avg:102.25ms
step:4500/20000 train_loss:2.0781 train_time:459956ms step_avg:102.21ms
step:5000/20000 train_loss:2.0526 train_time:510996ms step_avg:102.20ms
swa:start step:5200
late_qat:enabled step:5339 scale:0.1498
step:5500/20000 train_loss:1.9609 train_time:562936ms step_avg:102.35ms
step:5859/20000 val_loss:1.9304 val_bpb:1.1433 train_time:600115ms step_avg:102.43ms
stopping_early: wallclock_cap train_time:600115ms step:5859/20000
peak memory allocated: 23041 MiB reserved: 23100 MiB
ema:applying EMA weights
DIAGNOSTIC post_ema val_loss:1.9290 val_bpb:1.1425 eval_time:2349ms
Serialized model: 106158518 bytes
Code size: 109753 bytes
Serialized model int6+lzma: 15796636 bytes
Total submission size int6+lzma: 15906389 bytes
final_int6_roundtrip val_loss:1.9416 val_bpb:1.1499 eval_time:6378ms
final_int6_roundtrip_exact val_loss:1.94161261 val_bpb:1.14993235
sliding_eval:ngram order=15 table_bits=22 alpha=[0.2,0.2] ent=4.0 backoff_beta=1e-06 logit_mix=0
sliding_eval:ngram_hits=62020604/62023616 (100.0%)
final_int6_sliding_window val_loss:0.9665 val_bpb:0.5724 stride:64 eval_time:264977ms
final_int6_sliding_window_exact val_loss:0.96649447 val_bpb:0.57241398
final_int8_zlib_roundtrip_exact val_loss:0.96649447 val_bpb:0.57241398
