W0326 02:47:49.216000 312860 torch/distributed/run.py:766] 
W0326 02:47:49.216000 312860 torch/distributed/run.py:766] *****************************************
W0326 02:47:49.216000 312860 torch/distributed/run.py:766] Setting OMP_NUM_THREADS environment variable for each process to be 1 in default, to avoid your system being overloaded, please further tune the variable for optimal performance in your application as needed. 
W0326 02:47:49.216000 312860 torch/distributed/run.py:766] *****************************************
logs/train_seed1337.txt
val_bpb:enabled tokenizer_kind=sentencepiece tokenizer_path=./data/tokenizers/fineweb_1024_bpe.model
train_loader:dataset:fineweb10B_sp1024 train_shards:80
val_loader:shards pattern=./data/datasets/fineweb10B_sp1024/fineweb_val_*.bin tokens:62021632
model_params:26993756
mtp_num_heads:0 mtp_loss_weight:0.2 mtp_params:0
XSA:last_11 active_layers:[0, 1, 2, 3, 4, 5, 6, 7, 8, 9, 10]
world_size:8 grad_accum_steps:1
sdp_backends:cudnn=False flash=True mem_efficient=False math=False
attention_mode:gqa num_heads:8 num_kv_heads:4
tie_embeddings:True embed_lr:0.035 head_lr:0.0 matrix_lr:0.025 scalar_lr:0.025
train_batch_tokens:786432 train_seq_len:2048 iterations:20000 warmup_steps:20 max_wallclock_seconds:600.000
seed:1337
warmup_step:1/20
warmup_step:2/20
warmup_step:3/20
warmup_step:4/20
warmup_step:5/20
warmup_step:6/20
warmup_step:7/20
warmup_step:8/20
warmup_step:9/20
warmup_step:10/20
warmup_step:11/20
warmup_step:12/20
warmup_step:13/20
warmup_step:14/20
warmup_step:15/20
warmup_step:16/20
warmup_step:17/20
warmup_step:18/20
warmup_step:19/20
warmup_step:20/20
step:0/20000 val_loss:6.9309 val_bpb:4.1049 train_time:0ms step_avg:0.01ms
step:1/20000 train_loss:6.9317 train_time:148ms step_avg:148.19ms
step:2/20000 train_loss:8.6656 train_time:177ms step_avg:88.45ms
step:3/20000 train_loss:7.5895 train_time:276ms step_avg:92.11ms
step:4/20000 train_loss:7.2820 train_time:377ms step_avg:94.14ms
step:5/20000 train_loss:7.2325 train_time:477ms step_avg:95.48ms
step:6/20000 train_loss:7.1208 train_time:578ms step_avg:96.33ms
step:7/20000 train_loss:6.9592 train_time:678ms step_avg:96.88ms
step:8/20000 train_loss:6.8230 train_time:779ms step_avg:97.42ms
step:9/20000 train_loss:6.4436 train_time:880ms step_avg:97.80ms
step:10/20000 train_loss:6.0529 train_time:982ms step_avg:98.16ms
step:500/20000 train_loss:2.3778 train_time:51332ms step_avg:102.66ms
step:1000/20000 train_loss:2.2523 train_time:102271ms step_avg:102.27ms
step:1500/20000 train_loss:2.2015 train_time:153270ms step_avg:102.18ms
step:2000/20000 train_loss:2.0449 train_time:204349ms step_avg:102.17ms
step:2500/20000 train_loss:2.1505 train_time:255418ms step_avg:102.17ms
step:3000/20000 train_loss:2.1299 train_time:307048ms step_avg:102.35ms
step:3500/20000 train_loss:2.1410 train_time:358127ms step_avg:102.32ms
step:4000/20000 train_loss:1.9289 train_time:409212ms step_avg:102.30ms
step:4000/20000 val_loss:2.0187 val_bpb:1.1956 train_time:409286ms step_avg:102.32ms
step:4500/20000 train_loss:2.0728 train_time:460237ms step_avg:102.27ms
step:5000/20000 train_loss:2.0503 train_time:511267ms step_avg:102.25ms
swa:start step:5200
late_qat:enabled step:5336 scale:0.1498
step:5500/20000 train_loss:1.9608 train_time:563214ms step_avg:102.40ms
step:5856/20000 val_loss:1.9290 val_bpb:1.1425 train_time:600146ms step_avg:102.48ms
stopping_early: wallclock_cap train_time:600146ms step:5856/20000
peak memory allocated: 23041 MiB reserved: 23100 MiB
ema:applying EMA weights
DIAGNOSTIC post_ema val_loss:1.9276 val_bpb:1.1416 eval_time:2349ms
Serialized model: 106158518 bytes
Code size: 109753 bytes
Serialized model int6+lzma: 15810568 bytes
Total submission size int6+lzma: 15920321 bytes
final_int6_roundtrip val_loss:1.9400 val_bpb:1.1490 eval_time:6467ms
final_int6_roundtrip_exact val_loss:1.94002510 val_bpb:1.14899214
sliding_eval:ngram order=15 table_bits=22 alpha=[0.2,0.2] ent=4.0 backoff_beta=1e-06 logit_mix=0
sliding_eval:ngram_hits=62020604/62023616 (100.0%)
final_int6_sliding_window val_loss:0.9675 val_bpb:0.5730 stride:64 eval_time:264954ms
final_int6_sliding_window_exact val_loss:0.96750607 val_bpb:0.57301311
final_int8_zlib_roundtrip_exact val_loss:0.96750607 val_bpb:0.57301311
