W0326 03:03:30.005000 314587 torch/distributed/run.py:766] 
W0326 03:03:30.005000 314587 torch/distributed/run.py:766] *****************************************
W0326 03:03:30.005000 314587 torch/distributed/run.py:766] Setting OMP_NUM_THREADS environment variable for each process to be 1 in default, to avoid your system being overloaded, please further tune the variable for optimal performance in your application as needed. 
W0326 03:03:30.005000 314587 torch/distributed/run.py:766] *****************************************
logs/train_seed42.txt
val_bpb:enabled tokenizer_kind=sentencepiece tokenizer_path=./data/tokenizers/fineweb_1024_bpe.model
train_loader:dataset:fineweb10B_sp1024 train_shards:80
val_loader:shards pattern=./data/datasets/fineweb10B_sp1024/fineweb_val_*.bin tokens:62021632
model_params:26993756
mtp_num_heads:0 mtp_loss_weight:0.2 mtp_params:0
XSA:last_11 active_layers:[0, 1, 2, 3, 4, 5, 6, 7, 8, 9, 10]
world_size:8 grad_accum_steps:1
sdp_backends:cudnn=False flash=True mem_efficient=False math=False
attention_mode:gqa num_heads:8 num_kv_heads:4
tie_embeddings:True embed_lr:0.035 head_lr:0.0 matrix_lr:0.025 scalar_lr:0.025
train_batch_tokens:786432 train_seq_len:2048 iterations:20000 warmup_steps:20 max_wallclock_seconds:600.000
seed:42
warmup_step:1/20
warmup_step:2/20
warmup_step:3/20
warmup_step:4/20
warmup_step:5/20
warmup_step:6/20
warmup_step:7/20
warmup_step:8/20
warmup_step:9/20
warmup_step:10/20
warmup_step:11/20
warmup_step:12/20
warmup_step:13/20
warmup_step:14/20
warmup_step:15/20
warmup_step:16/20
warmup_step:17/20
warmup_step:18/20
warmup_step:19/20
warmup_step:20/20
step:0/20000 val_loss:6.9297 val_bpb:4.1042 train_time:0ms step_avg:0.01ms
step:1/20000 train_loss:6.9319 train_time:146ms step_avg:146.03ms
step:2/20000 train_loss:8.6343 train_time:175ms step_avg:87.35ms
step:3/20000 train_loss:7.6281 train_time:274ms step_avg:91.36ms
step:4/20000 train_loss:7.3161 train_time:374ms step_avg:93.47ms
step:5/20000 train_loss:7.2373 train_time:474ms step_avg:94.75ms
step:6/20000 train_loss:7.0596 train_time:574ms step_avg:95.61ms
step:7/20000 train_loss:6.9037 train_time:673ms step_avg:96.21ms
step:8/20000 train_loss:6.8549 train_time:773ms step_avg:96.64ms
step:9/20000 train_loss:6.5123 train_time:873ms step_avg:97.01ms
step:10/20000 train_loss:6.0670 train_time:974ms step_avg:97.35ms
step:500/20000 train_loss:2.4035 train_time:51307ms step_avg:102.61ms
step:1000/20000 train_loss:2.2688 train_time:102147ms step_avg:102.15ms
step:1500/20000 train_loss:2.2066 train_time:153048ms step_avg:102.03ms
step:2000/20000 train_loss:2.0483 train_time:204028ms step_avg:102.01ms
step:2500/20000 train_loss:2.1516 train_time:255017ms step_avg:102.01ms
step:3000/20000 train_loss:2.1344 train_time:306655ms step_avg:102.22ms
step:3500/20000 train_loss:2.1396 train_time:357617ms step_avg:102.18ms
step:4000/20000 train_loss:1.9300 train_time:408604ms step_avg:102.15ms
step:4000/20000 val_loss:2.0197 val_bpb:1.1962 train_time:408681ms step_avg:102.17ms
step:4500/20000 train_loss:2.0737 train_time:459585ms step_avg:102.13ms
step:5000/20000 train_loss:2.0542 train_time:510564ms step_avg:102.11ms
swa:start step:5200
late_qat:enabled step:5341 scale:0.1496
step:5500/20000 train_loss:1.9625 train_time:562703ms step_avg:102.31ms
step:5862/20000 val_loss:1.9301 val_bpb:1.1431 train_time:600165ms step_avg:102.38ms
stopping_early: wallclock_cap train_time:600165ms step:5862/20000
peak memory allocated: 23041 MiB reserved: 23100 MiB
ema:applying EMA weights
DIAGNOSTIC post_ema val_loss:1.9288 val_bpb:1.1423 eval_time:2348ms
Serialized model: 106158518 bytes
Code size: 109753 bytes
Serialized model int6+lzma: 15823868 bytes
Total submission size int6+lzma: 15933621 bytes
final_int6_roundtrip val_loss:1.9412 val_bpb:1.1497 eval_time:6485ms
final_int6_roundtrip_exact val_loss:1.94115598 val_bpb:1.14966191
sliding_eval:ngram order=15 table_bits=22 alpha=[0.2,0.2] ent=4.0 backoff_beta=1e-06 logit_mix=0
sliding_eval:ngram_hits=62020604/62023616 (100.0%)
final_int6_sliding_window val_loss:0.9672 val_bpb:0.5728 stride:64 eval_time:272672ms
final_int6_sliding_window_exact val_loss:0.96721199 val_bpb:0.57283894
final_int8_zlib_roundtrip_exact val_loss:0.96721199 val_bpb:0.57283894
